Job ID       : 1420107
Node         : node29
GPUs assigned: 0,1,2,3
Start time   : Fri May  1 20:59:07 KST 2026
Working dir  : /lustre/meat124/Soft-VLA/third_party/RoboTwin

[33mgpu id (to use): 0,1,2,3[0m
[36mPython: /lustre/meat124/Soft-VLA/.venv/bin/python[0m
[36mPython version: Python 3.11.14[0m
2026-05-01 21:01:01.356382: W tensorflow/compiler/tf2tensorrt/utils/py_utils.cc:38] TF-TRT Warning: Could not find TensorRT
wandb: Currently logged in as: meat000124 (mlcs_robotics_intern) to https://api.wandb.ai. Use `wandb login --relogin` to force relogin
wandb: creating run
wandb: Tracking run with wandb version 0.19.11
wandb: Run data is saved locally in /lustre/meat124/Soft-VLA/third_party/RoboTwin/policy/Soft-VLA/wandb/run-20260501_210246-5bvuiazq
wandb: Run `wandb offline` to turn off syncing.
wandb: Syncing run robotwin_finetune
wandb: ⭐️ View project at https://wandb.ai/mlcs_robotics_intern/Soft-VLA_RoboTwin_FineTune
wandb: 🚀 View run at https://wandb.ai/mlcs_robotics_intern/Soft-VLA_RoboTwin_FineTune/runs/5bvuiazq
2026-05-01 21:03:12.536961: W tensorflow/compiler/tf2tensorrt/utils/py_utils.cc:38] TF-TRT Warning: Could not find TensorRT
2026-05-01 21:03:43.207323: W tensorflow/compiler/tf2tensorrt/utils/py_utils.cc:38] TF-TRT Warning: Could not find TensorRT
2026-05-01 21:04:09.098064: W tensorflow/compiler/tf2tensorrt/utils/py_utils.cc:38] TF-TRT Warning: Could not find TensorRT
2026-05-01 21:04:35.077915: W tensorflow/compiler/tf2tensorrt/utils/py_utils.cc:38] TF-TRT Warning: Could not find TensorRT
Forcing gradient checkpointing to be enabled for Gemma expert model
Traceback (most recent call last):
  File "/lustre/meat124/Soft-VLA/third_party/RoboTwin/policy/Soft-VLA/scripts/finetune.py", line 924, in <module>
    main()
  File "/lustre/meat124/Soft-VLA/third_party/RoboTwin/policy/Soft-VLA/scripts/finetune.py", line 817, in main
    mse = model(phase=2, observation=obs, actions=actions, domain_ids=domain_ids)
          ^^^^^^^^^^^^^^^^^^^^^^^^^^^^^^^^^^^^^^^^^^^^^^^^^^^^^^^^^^^^^^^^^^^^^^^
  File "/lustre/meat124/Soft-VLA/.venv/lib/python3.11/site-packages/torch/nn/modules/module.py", line 1751, in _wrapped_call_impl
    return self._call_impl(*args, **kwargs)
           ^^^^^^^^^^^^^^^^^^^^^^^^^^^^^^^^
  File "/lustre/meat124/Soft-VLA/.venv/lib/python3.11/site-packages/torch/nn/modules/module.py", line 1762, in _call_impl
    return forward_call(*args, **kwargs)
           ^^^^^^^^^^^^^^^^^^^^^^^^^^^^^
  File "/lustre/meat124/Soft-VLA/src/softvla/models/softvla_pytorch.py", line 331, in forward
    return self.forward_phase2(**kwargs)
           ^^^^^^^^^^^^^^^^^^^^^^^^^^^^^
  File "/lustre/meat124/Soft-VLA/src/softvla/models/softvla_pytorch.py", line 309, in forward_phase2
    suffix_out = self.pi0._apply_checkpoint(
                 ^^^^^^^^^^^^^^^^^^^^^^^^^^^
  File "/lustre/meat124/Soft-VLA/src/openpi/models_pytorch/pi0_pytorch.py", line 167, in _apply_checkpoint
    return func(*args, **kwargs)
           ^^^^^^^^^^^^^^^^^^^^^
  File "/lustre/meat124/Soft-VLA/src/softvla/models/softvla_pytorch.py", line 299, in forward_func
    (_, suffix_out), _ = self.pi0.paligemma_with_expert.forward(
                         ^^^^^^^^^^^^^^^^^^^^^^^^^^^^^^^^^^^^^^^
  File "/lustre/meat124/Soft-VLA/src/openpi/models_pytorch/gemma_pytorch.py", line 242, in forward
    inputs_embeds = torch.utils.checkpoint.checkpoint(
                    ^^^^^^^^^^^^^^^^^^^^^^^^^^^^^^^^^^
  File "/lustre/meat124/Soft-VLA/.venv/lib/python3.11/site-packages/torch/_compile.py", line 51, in inner
    return disable_fn(*args, **kwargs)
           ^^^^^^^^^^^^^^^^^^^^^^^^^^^
  File "/lustre/meat124/Soft-VLA/.venv/lib/python3.11/site-packages/torch/_dynamo/eval_frame.py", line 838, in _fn
    return fn(*args, **kwargs)
           ^^^^^^^^^^^^^^^^^^^
  File "/lustre/meat124/Soft-VLA/.venv/lib/python3.11/site-packages/torch/utils/checkpoint.py", line 495, in checkpoint
    ret = function(*args, **kwargs)
          ^^^^^^^^^^^^^^^^^^^^^^^^^
  File "/lustre/meat124/Soft-VLA/src/openpi/models_pytorch/gemma_pytorch.py", line 231, in compute_layer_complete
    out_emb = layer.mlp(out_emb)
              ^^^^^^^^^^^^^^^^^^
  File "/lustre/meat124/Soft-VLA/.venv/lib/python3.11/site-packages/torch/nn/modules/module.py", line 1751, in _wrapped_call_impl
    return self._call_impl(*args, **kwargs)
           ^^^^^^^^^^^^^^^^^^^^^^^^^^^^^^^^
  File "/lustre/meat124/Soft-VLA/.venv/lib/python3.11/site-packages/torch/nn/modules/module.py", line 1762, in _call_impl
    return forward_call(*args, **kwargs)
           ^^^^^^^^^^^^^^^^^^^^^^^^^^^^^
  File "/lustre/meat124/Soft-VLA/.venv/lib/python3.11/site-packages/transformers/models/gemma/modeling_gemma.py", line 125, in forward
    down_proj = self.down_proj(self.act_fn(self.gate_proj(x)) * self.up_proj(x))
                               ~~~~~~~~~~~~~~~~~~~~~~~~~~~~~~~^~~~~~~~~~~~~~~~~
torch.OutOfMemoryError: CUDA out of memory. Tried to allocate 7.56 GiB. GPU 0 has a total capacity of 47.40 GiB of which 6.88 GiB is free. Including non-PyTorch memory, this process has 40.50 GiB memory in use. Of the allocated memory 34.18 GiB is allocated by PyTorch, and 6.00 GiB is reserved by PyTorch but unallocated. If reserved but unallocated memory is large try setting PYTORCH_CUDA_ALLOC_CONF=expandable_segments:True to avoid fragmentation.  See documentation for Memory Management  (https://pytorch.org/docs/stable/notes/cuda.html#environment-variables)
[1;34mwandb[0m: 
[1;34mwandb[0m: 🚀 View run [33mrobotwin_finetune[0m at: [34mhttps://wandb.ai/mlcs_robotics_intern/Soft-VLA_RoboTwin_FineTune/runs/5bvuiazq[0m
[1;34mwandb[0m: Find logs at: [1;35mwandb/run-20260501_210246-5bvuiazq/logs[0m

End time: Fri May  1 21:05:21 KST 2026
